{"C:\\Users\\maria\\OneDrive\\Documentos\\programming\\DigitalWallet\\W-Digital\\src\\App.tsx": {"path":"C:\\Users\\maria\\OneDrive\\Documentos\\programming\\DigitalWallet\\W-Digital\\src\\App.tsx","statementMap":{"0":{"start":{"line":12,"column":2},"end":{"line":29,"column":3}}},"fnMap":{"0":{"name":"App","decl":{"start":{"line":10,"column":9},"end":{"line":10,"column":12}},"loc":{"start":{"line":10,"column":15},"end":{"line":30,"column":1}},"line":10}},"branchMap":{},"s":{"0":0},"f":{"0":0},"b":{}}
,"C:\\Users\\maria\\OneDrive\\Documentos\\programming\\DigitalWallet\\W-Digital\\src\\main.tsx": {"path":"C:\\Users\\maria\\OneDrive\\Documentos\\programming\\DigitalWallet\\W-Digital\\src\\main.tsx","statementMap":{"0":{"start":{"line":6,"column":0},"end":{"line":10,"column":1}}},"fnMap":{},"branchMap":{},"s":{"0":0},"f":{},"b":{}}
,"C:\\Users\\maria\\OneDrive\\Documentos\\programming\\DigitalWallet\\W-Digital\\src\\componentes\\Accordion\\Data.ts": {"path":"C:\\Users\\maria\\OneDrive\\Documentos\\programming\\DigitalWallet\\W-Digital\\src\\componentes\\Accordion\\Data.ts","statementMap":{"0":{"start":{"line":1,"column":20},"end":{"line":14,"column":1}}},"fnMap":{},"branchMap":{},"s":{"0":0},"f":{},"b":{}}
,"C:\\Users\\maria\\OneDrive\\Documentos\\programming\\DigitalWallet\\W-Digital\\src\\componentes\\Accordion\\index.js": {"path":"C:\\Users\\maria\\OneDrive\\Documentos\\programming\\DigitalWallet\\W-Digital\\src\\componentes\\Accordion\\index.js","statementMap":{"0":{"start":{"line":7,"column":25},"end":{"line":15,"column":1}},"1":{"start":{"line":17,"column":18},"end":{"line":21,"column":1}},"2":{"start":{"line":23,"column":13},"end":{"line":39,"column":1}},"3":{"start":{"line":41,"column":17},"end":{"line":55,"column":1}},"4":{"start":{"line":57,"column":18},"end":{"line":92,"column":1}},"5":{"start":{"line":58,"column":32},"end":{"line":58,"column":47}},"6":{"start":{"line":60,"column":17},"end":{"line":67,"column":3}},"7":{"start":{"line":61,"column":4},"end":{"line":64,"column":5}},"8":{"start":{"line":63,"column":6},"end":{"line":63,"column":30}},"9":{"start":{"line":66,"column":4},"end":{"line":66,"column":22}},"10":{"start":{"line":69,"column":2},"end":{"line":91,"column":4}},"11":{"start":{"line":74,"column":12},"end":{"line":86,"column":14}},"12":{"start":{"line":76,"column":37},"end":{"line":76,"column":50}}},"fnMap":{"0":{"name":"(anonymous_0)","decl":{"start":{"line":57,"column":18},"end":{"line":57,"column":19}},"loc":{"start":{"line":57,"column":24},"end":{"line":92,"column":1}},"line":57},"1":{"name":"(anonymous_1)","decl":{"start":{"line":60,"column":17},"end":{"line":60,"column":18}},"loc":{"start":{"line":60,"column":26},"end":{"line":67,"column":3}},"line":60},"2":{"name":"(anonymous_2)","decl":{"start":{"line":73,"column":20},"end":{"line":73,"column":21}},"loc":{"start":{"line":73,"column":37},"end":{"line":87,"column":11}},"line":73},"3":{"name":"(anonymous_3)","decl":{"start":{"line":76,"column":31},"end":{"line":76,"column":32}},"loc":{"start":{"line":76,"column":37},"end":{"line":76,"column":50}},"line":76}},"branchMap":{"0":{"loc":{"start":{"line":61,"column":4},"end":{"line":64,"column":5}},"type":"if","locations":[{"start":{"line":61,"column":4},"end":{"line":64,"column":5}},{"start":{},"end":{}}],"line":61},"1":{"loc":{"start":{"line":78,"column":25},"end":{"line":78,"column":69}},"type":"cond-expr","locations":[{"start":{"line":78,"column":45},"end":{"line":78,"column":56}},{"start":{"line":78,"column":59},"end":{"line":78,"column":69}}],"line":78},"2":{"loc":{"start":{"line":80,"column":17},"end":{"line":84,"column":24}},"type":"cond-expr","locations":[{"start":{"line":81,"column":18},"end":{"line":83,"column":29}},{"start":{"line":84,"column":20},"end":{"line":84,"column":24}}],"line":80}},"s":{"0":0,"1":0,"2":0,"3":0,"4":0,"5":0,"6":0,"7":0,"8":0,"9":0,"10":0,"11":0,"12":0},"f":{"0":0,"1":0,"2":0,"3":0},"b":{"0":[0,0],"1":[0,0],"2":[0,0]}}
,"C:\\Users\\maria\\OneDrive\\Documentos\\programming\\DigitalWallet\\W-Digital\\src\\componentes\\Accordion2\\index.tsx": {"path":"C:\\Users\\maria\\OneDrive\\Documentos\\programming\\DigitalWallet\\W-Digital\\src\\componentes\\Accordion2\\index.tsx","statementMap":{"0":{"start":{"line":14,"column":26},"end":{"line":35,"column":1}},"1":{"start":{"line":15,"column":2},"end":{"line":34,"column":4}}},"fnMap":{"0":{"name":"(anonymous_0)","decl":{"start":{"line":14,"column":26},"end":{"line":14,"column":27}},"loc":{"start":{"line":14,"column":67},"end":{"line":35,"column":1}},"line":14}},"branchMap":{},"s":{"0":0,"1":0},"f":{"0":0},"b":{}}
,"C:\\Users\\maria\\OneDrive\\Documentos\\programming\\DigitalWallet\\W-Digital\\src\\componentes\\Accordion2\\styles.ts": {"path":"C:\\Users\\maria\\OneDrive\\Documentos\\programming\\DigitalWallet\\W-Digital\\src\\componentes\\Accordion2\\styles.ts","statementMap":{"0":{"start":{"line":5,"column":25},"end":{"line":12,"column":1}},"1":{"start":{"line":14,"column":21},"end":{"line":18,"column":1}},"2":{"start":{"line":20,"column":21},"end":{"line":22,"column":1}}},"fnMap":{},"branchMap":{},"s":{"0":0,"1":0,"2":0},"f":{},"b":{}}
,"C:\\Users\\maria\\OneDrive\\Documentos\\programming\\DigitalWallet\\W-Digital\\src\\componentes\\BasicTable\\index.tsx": {"path":"C:\\Users\\maria\\OneDrive\\Documentos\\programming\\DigitalWallet\\W-Digital\\src\\componentes\\BasicTable\\index.tsx","statementMap":{"0":{"start":{"line":21,"column":2},"end":{"line":21,"column":45}},"1":{"start":{"line":25,"column":13},"end":{"line":31,"column":1}},"2":{"start":{"line":36,"column":21},"end":{"line":36,"column":50}},"3":{"start":{"line":36,"column":44},"end":{"line":36,"column":49}},"4":{"start":{"line":38,"column":2},"end":{"line":72,"column":4}}},"fnMap":{"0":{"name":"createData","decl":{"start":{"line":14,"column":9},"end":{"line":14,"column":19}},"loc":{"start":{"line":20,"column":2},"end":{"line":22,"column":1}},"line":20},"1":{"name":"BasicTable","decl":{"start":{"line":34,"column":16},"end":{"line":34,"column":26}},"loc":{"start":{"line":34,"column":29},"end":{"line":73,"column":1}},"line":34},"2":{"name":"(anonymous_2)","decl":{"start":{"line":36,"column":33},"end":{"line":36,"column":34}},"loc":{"start":{"line":36,"column":44},"end":{"line":36,"column":49}},"line":36}},"branchMap":{},"s":{"0":0,"1":0,"2":0,"3":0,"4":0},"f":{"0":0,"1":0,"2":0},"b":{}}
,"C:\\Users\\maria\\OneDrive\\Documentos\\programming\\DigitalWallet\\W-Digital\\src\\componentes\\button\\index.tsx": {"path":"C:\\Users\\maria\\OneDrive\\Documentos\\programming\\DigitalWallet\\W-Digital\\src\\componentes\\button\\index.tsx","statementMap":{"0":{"start":{"line":22,"column":31},"end":{"line":60,"column":1}},"1":{"start":{"line":38,"column":2},"end":{"line":59,"column":4}}},"fnMap":{"0":{"name":"(anonymous_0)","decl":{"start":{"line":22,"column":31},"end":{"line":22,"column":32}},"loc":{"start":{"line":37,"column":19},"end":{"line":60,"column":1}},"line":37}},"branchMap":{"0":{"loc":{"start":{"line":25,"column":2},"end":{"line":25,"column":24}},"type":"default-arg","locations":[{"start":{"line":25,"column":15},"end":{"line":25,"column":24}}],"line":25},"1":{"loc":{"start":{"line":33,"column":2},"end":{"line":33,"column":15}},"type":"default-arg","locations":[{"start":{"line":33,"column":11},"end":{"line":33,"column":15}}],"line":33}},"s":{"0":1,"1":0},"f":{"0":0},"b":{"0":[0],"1":[0]},"_coverageSchema":"1a1c01bbd47fc00a2c39e90264f33305004495a9","hash":"7c2024ad7af60f149edb0f1b6fa3ddb9226898c4"}
,"C:\\Users\\maria\\OneDrive\\Documentos\\programming\\DigitalWallet\\W-Digital\\src\\componentes\\button\\styles..ts": {"path":"C:\\Users\\maria\\OneDrive\\Documentos\\programming\\DigitalWallet\\W-Digital\\src\\componentes\\button\\styles..ts","statementMap":{"0":{"start":{"line":17,"column":28},"end":{"line":72,"column":1}},"1":{"start":{"line":28,"column":10},"end":{"line":70,"column":5}},"2":{"start":{"line":35,"column":8},"end":{"line":39,"column":9}},"3":{"start":{"line":36,"column":10},"end":{"line":38,"column":12}},"4":{"start":{"line":53,"column":10},"end":{"line":58,"column":11}},"5":{"start":{"line":54,"column":12},"end":{"line":57,"column":14}},"6":{"start":{"line":63,"column":8},"end":{"line":69,"column":9}}},"fnMap":{"0":{"name":"(anonymous_0)","decl":{"start":{"line":19,"column":6},"end":{"line":19,"column":7}},"loc":{"start":{"line":28,"column":10},"end":{"line":70,"column":5}},"line":28},"1":{"name":"(anonymous_1)","decl":{"start":{"line":34,"column":8},"end":{"line":34,"column":9}},"loc":{"start":{"line":34,"column":14},"end":{"line":40,"column":7}},"line":34},"2":{"name":"(anonymous_2)","decl":{"start":{"line":52,"column":10},"end":{"line":52,"column":11}},"loc":{"start":{"line":52,"column":16},"end":{"line":59,"column":9}},"line":52},"3":{"name":"(anonymous_3)","decl":{"start":{"line":62,"column":8},"end":{"line":62,"column":9}},"loc":{"start":{"line":63,"column":8},"end":{"line":69,"column":9}},"line":63}},"branchMap":{"0":{"loc":{"start":{"line":35,"column":8},"end":{"line":39,"column":9}},"type":"if","locations":[{"start":{"line":35,"column":8},"end":{"line":39,"column":9}},{"start":{},"end":{}}],"line":35},"1":{"loc":{"start":{"line":37,"column":30},"end":{"line":37,"column":60}},"type":"cond-expr","locations":[{"start":{"line":37,"column":41},"end":{"line":37,"column":49}},{"start":{"line":37,"column":52},"end":{"line":37,"column":60}}],"line":37},"2":{"loc":{"start":{"line":47,"column":20},"end":{"line":47,"column":36}},"type":"binary-expr","locations":[{"start":{"line":47,"column":20},"end":{"line":47,"column":26}},{"start":{"line":47,"column":30},"end":{"line":47,"column":36}}],"line":47},"3":{"loc":{"start":{"line":48,"column":19},"end":{"line":48,"column":34}},"type":"binary-expr","locations":[{"start":{"line":48,"column":19},"end":{"line":48,"column":24}},{"start":{"line":48,"column":28},"end":{"line":48,"column":34}}],"line":48},"4":{"loc":{"start":{"line":49,"column":26},"end":{"line":49,"column":68}},"type":"cond-expr","locations":[{"start":{"line":49,"column":37},"end":{"line":49,"column":55}},{"start":{"line":49,"column":58},"end":{"line":49,"column":68}}],"line":49},"5":{"loc":{"start":{"line":51,"column":16},"end":{"line":51,"column":62}},"type":"cond-expr","locations":[{"start":{"line":51,"column":27},"end":{"line":51,"column":45}},{"start":{"line":51,"column":48},"end":{"line":51,"column":62}}],"line":51},"6":{"loc":{"start":{"line":53,"column":10},"end":{"line":58,"column":11}},"type":"if","locations":[{"start":{"line":53,"column":10},"end":{"line":58,"column":11}},{"start":{},"end":{}}],"line":53},"7":{"loc":{"start":{"line":63,"column":8},"end":{"line":69,"column":9}},"type":"binary-expr","locations":[{"start":{"line":63,"column":8},"end":{"line":63,"column":15}},{"start":{"line":64,"column":8},"end":{"line":69,"column":9}}],"line":63}},"s":{"0":1,"1":0,"2":0,"3":0,"4":0,"5":0,"6":0},"f":{"0":0,"1":0,"2":0,"3":0},"b":{"0":[0,0],"1":[0,0],"2":[0,0],"3":[0,0],"4":[0,0],"5":[0,0],"6":[0,0],"7":[0,0]},"_coverageSchema":"1a1c01bbd47fc00a2c39e90264f33305004495a9","hash":"b1acbc763c03d62dabd729344d0c8177f24c2d08"}
,"C:\\Users\\maria\\OneDrive\\Documentos\\programming\\DigitalWallet\\W-Digital\\src\\componentes\\footer\\index.tsx": {"path":"C:\\Users\\maria\\OneDrive\\Documentos\\programming\\DigitalWallet\\W-Digital\\src\\componentes\\footer\\index.tsx","statementMap":{"0":{"start":{"line":5,"column":22},"end":{"line":13,"column":1}},"1":{"start":{"line":6,"column":2},"end":{"line":12,"column":4}}},"fnMap":{"0":{"name":"(anonymous_0)","decl":{"start":{"line":5,"column":22},"end":{"line":5,"column":23}},"loc":{"start":{"line":5,"column":28},"end":{"line":13,"column":1}},"line":5}},"branchMap":{},"s":{"0":2,"1":0},"f":{"0":0},"b":{},"_coverageSchema":"1a1c01bbd47fc00a2c39e90264f33305004495a9","hash":"9d821e217f881d4ffeff64bd1eabca1ace4e2266"}
,"C:\\Users\\maria\\OneDrive\\Documentos\\programming\\DigitalWallet\\W-Digital\\src\\componentes\\footer\\styles.ts": {"path":"C:\\Users\\maria\\OneDrive\\Documentos\\programming\\DigitalWallet\\W-Digital\\src\\componentes\\footer\\styles.ts","statementMap":{"0":{"start":{"line":3,"column":31},"end":{"line":11,"column":1}}},"fnMap":{},"branchMap":{},"s":{"0":2},"f":{},"b":{},"_coverageSchema":"1a1c01bbd47fc00a2c39e90264f33305004495a9","hash":"89c8faf89c7efa5d3a437124b60adac6f7615f9c"}
,"C:\\Users\\maria\\OneDrive\\Documentos\\programming\\DigitalWallet\\W-Digital\\src\\componentes\\header\\index.tsx": {"path":"C:\\Users\\maria\\OneDrive\\Documentos\\programming\\DigitalWallet\\W-Digital\\src\\componentes\\header\\index.tsx","statementMap":{"0":{"start":{"line":10,"column":22},"end":{"line":32,"column":1}},"1":{"start":{"line":11,"column":2},"end":{"line":31,"column":4}}},"fnMap":{"0":{"name":"(anonymous_0)","decl":{"start":{"line":10,"column":22},"end":{"line":10,"column":23}},"loc":{"start":{"line":10,"column":65},"end":{"line":32,"column":1}},"line":10}},"branchMap":{"0":{"loc":{"start":{"line":16,"column":13},"end":{"line":26,"column":13}},"type":"cond-expr","locations":[{"start":{"line":17,"column":16},"end":{"line":23,"column":19}},{"start":{"line":25,"column":13},"end":{"line":25,"column":55}}],"line":16}},"s":{"0":2,"1":0},"f":{"0":0},"b":{"0":[0,0]},"_coverageSchema":"1a1c01bbd47fc00a2c39e90264f33305004495a9","hash":"e725616a46cdf338601c450ec6a126804155680b"}
,"C:\\Users\\maria\\OneDrive\\Documentos\\programming\\DigitalWallet\\W-Digital\\src\\componentes\\header\\styles.ts": {"path":"C:\\Users\\maria\\OneDrive\\Documentos\\programming\\DigitalWallet\\W-Digital\\src\\componentes\\header\\styles.ts","statementMap":{"0":{"start":{"line":3,"column":31},"end":{"line":9,"column":1}},"1":{"start":{"line":11,"column":25},"end":{"line":13,"column":1}},"2":{"start":{"line":15,"column":23},"end":{"line":19,"column":1}}},"fnMap":{},"branchMap":{},"s":{"0":2,"1":2,"2":2},"f":{},"b":{},"_coverageSchema":"1a1c01bbd47fc00a2c39e90264f33305004495a9","hash":"09cb9eea9dbde14445aa1d065a558faf148cec4f"}
,"C:\\Users\\maria\\OneDrive\\Documentos\\programming\\DigitalWallet\\W-Digital\\src\\componentes\\textBox\\index.tsx": {"path":"C:\\Users\\maria\\OneDrive\\Documentos\\programming\\DigitalWallet\\W-Digital\\src\\componentes\\textBox\\index.tsx","statementMap":{"0":{"start":{"line":10,"column":23},"end":{"line":20,"column":1}},"1":{"start":{"line":11,"column":2},"end":{"line":19,"column":4}}},"fnMap":{"0":{"name":"(anonymous_0)","decl":{"start":{"line":10,"column":23},"end":{"line":10,"column":24}},"loc":{"start":{"line":10,"column":65},"end":{"line":20,"column":1}},"line":10}},"branchMap":{},"s":{"0":0,"1":0},"f":{"0":0},"b":{}}
,"C:\\Users\\maria\\OneDrive\\Documentos\\programming\\DigitalWallet\\W-Digital\\src\\componentes\\textBox\\styles.ts": {"path":"C:\\Users\\maria\\OneDrive\\Documentos\\programming\\DigitalWallet\\W-Digital\\src\\componentes\\textBox\\styles.ts","statementMap":{"0":{"start":{"line":7,"column":25},"end":{"line":15,"column":1}},"1":{"start":{"line":17,"column":21},"end":{"line":21,"column":1}},"2":{"start":{"line":23,"column":21},"end":{"line":25,"column":1}}},"fnMap":{},"branchMap":{},"s":{"0":0,"1":0,"2":0},"f":{},"b":{}}
,"C:\\Users\\maria\\OneDrive\\Documentos\\programming\\DigitalWallet\\W-Digital\\src\\componentes\\textfield\\index.tsx": {"path":"C:\\Users\\maria\\OneDrive\\Documentos\\programming\\DigitalWallet\\W-Digital\\src\\componentes\\textfield\\index.tsx","statementMap":{"0":{"start":{"line":37,"column":34},"end":{"line":101,"column":1}},"1":{"start":{"line":54,"column":48},"end":{"line":54,"column":63}},"2":{"start":{"line":56,"column":2},"end":{"line":100,"column":4}},"3":{"start":{"line":76,"column":33},"end":{"line":76,"column":69}}},"fnMap":{"0":{"name":"(anonymous_0)","decl":{"start":{"line":37,"column":34},"end":{"line":37,"column":35}},"loc":{"start":{"line":53,"column":22},"end":{"line":101,"column":1}},"line":53},"1":{"name":"(anonymous_1)","decl":{"start":{"line":76,"column":27},"end":{"line":76,"column":28}},"loc":{"start":{"line":76,"column":33},"end":{"line":76,"column":69}},"line":76}},"branchMap":{"0":{"loc":{"start":{"line":50,"column":2},"end":{"line":50,"column":15}},"type":"default-arg","locations":[{"start":{"line":50,"column":11},"end":{"line":50,"column":15}}],"line":50},"1":{"loc":{"start":{"line":62,"column":14},"end":{"line":62,"column":45}},"type":"cond-expr","locations":[{"start":{"line":62,"column":32},"end":{"line":62,"column":38}},{"start":{"line":62,"column":41},"end":{"line":62,"column":45}}],"line":62},"2":{"loc":{"start":{"line":73,"column":15},"end":{"line":87,"column":15}},"type":"binary-expr","locations":[{"start":{"line":73,"column":15},"end":{"line":73,"column":41}},{"start":{"line":74,"column":16},"end":{"line":86,"column":33}}],"line":73},"3":{"loc":{"start":{"line":81,"column":19},"end":{"line":85,"column":19}},"type":"cond-expr","locations":[{"start":{"line":82,"column":20},"end":{"line":82,"column":36}},{"start":{"line":84,"column":20},"end":{"line":84,"column":45}}],"line":81},"4":{"loc":{"start":{"line":93,"column":7},"end":{"line":98,"column":7}},"type":"cond-expr","locations":[{"start":{"line":94,"column":8},"end":{"line":94,"column":32}},{"start":{"line":97,"column":9},"end":{"line":97,"column":52}}],"line":93}},"s":{"0":2,"1":0,"2":0,"3":0},"f":{"0":0,"1":0},"b":{"0":[0],"1":[0,0],"2":[0,0],"3":[0,0],"4":[0,0]},"_coverageSchema":"1a1c01bbd47fc00a2c39e90264f33305004495a9","hash":"d0003031f6e79a1147e320e10f7d62f53eb4718c"}
,"C:\\Users\\maria\\OneDrive\\Documentos\\programming\\DigitalWallet\\W-Digital\\src\\componentes\\textfield\\styles.ts": {"path":"C:\\Users\\maria\\OneDrive\\Documentos\\programming\\DigitalWallet\\W-Digital\\src\\componentes\\textfield\\styles.ts","statementMap":{"0":{"start":{"line":5,"column":31},"end":{"line":13,"column":2}},"1":{"start":{"line":15,"column":21},"end":{"line":18,"column":1}}},"fnMap":{},"branchMap":{},"s":{"0":2,"1":2},"f":{},"b":{},"_coverageSchema":"1a1c01bbd47fc00a2c39e90264f33305004495a9","hash":"fd8e6c74c70325b4d608f2bb8a5e890e3211857e"}
,"C:\\Users\\maria\\OneDrive\\Documentos\\programming\\DigitalWallet\\W-Digital\\src\\interface\\despesa.ts": {"path":"C:\\Users\\maria\\OneDrive\\Documentos\\programming\\DigitalWallet\\W-Digital\\src\\interface\\despesa.ts","statementMap":{},"fnMap":{},"branchMap":{},"s":{},"f":{},"b":{}}
,"C:\\Users\\maria\\OneDrive\\Documentos\\programming\\DigitalWallet\\W-Digital\\src\\pages\\cadastro\\index.tsx": {"path":"C:\\Users\\maria\\OneDrive\\Documentos\\programming\\DigitalWallet\\W-Digital\\src\\pages\\cadastro\\index.tsx","statementMap":{"0":{"start":{"line":13,"column":17},"end":{"line":75,"column":1}},"1":{"start":{"line":14,"column":19},"end":{"line":14,"column":32}},"2":{"start":{"line":15,"column":21},"end":{"line":15,"column":53}},"3":{"start":{"line":15,"column":47},"end":{"line":15,"column":52}},"4":{"start":{"line":17,"column":26},"end":{"line":21,"column":4}},"5":{"start":{"line":22,"column":23},"end":{"line":24,"column":3}},"6":{"start":{"line":25,"column":19},"end":{"line":25,"column":32}},"7":{"start":{"line":27,"column":2},"end":{"line":74,"column":4}},"8":{"start":{"line":43,"column":33},"end":{"line":43,"column":73}},"9":{"start":{"line":66,"column":32},"end":{"line":66,"column":47}},"10":{"start":{"line":66,"column":48},"end":{"line":66,"column":70}}},"fnMap":{"0":{"name":"handleForm","decl":{"start":{"line":11,"column":9},"end":{"line":11,"column":19}},"loc":{"start":{"line":11,"column":22},"end":{"line":11,"column":24}},"line":11},"1":{"name":"(anonymous_1)","decl":{"start":{"line":13,"column":17},"end":{"line":13,"column":18}},"loc":{"start":{"line":13,"column":23},"end":{"line":75,"column":1}},"line":13},"2":{"name":"(anonymous_2)","decl":{"start":{"line":15,"column":36},"end":{"line":15,"column":37}},"loc":{"start":{"line":15,"column":47},"end":{"line":15,"column":52}},"line":15},"3":{"name":"(anonymous_3)","decl":{"start":{"line":22,"column":23},"end":{"line":22,"column":24}},"loc":{"start":{"line":22,"column":29},"end":{"line":24,"column":3}},"line":22},"4":{"name":"(anonymous_4)","decl":{"start":{"line":43,"column":26},"end":{"line":43,"column":27}},"loc":{"start":{"line":43,"column":33},"end":{"line":43,"column":73}},"line":43},"5":{"name":"(anonymous_5)","decl":{"start":{"line":66,"column":25},"end":{"line":66,"column":26}},"loc":{"start":{"line":66,"column":31},"end":{"line":66,"column":71}},"line":66}},"branchMap":{},"s":{"0":0,"1":0,"2":0,"3":0,"4":0,"5":0,"6":0,"7":0,"8":0,"9":0,"10":0},"f":{"0":0,"1":0,"2":0,"3":0,"4":0,"5":0},"b":{}}
,"C:\\Users\\maria\\OneDrive\\Documentos\\programming\\DigitalWallet\\W-Digital\\src\\pages\\expense\\expense.tsx": {"path":"C:\\Users\\maria\\OneDrive\\Documentos\\programming\\DigitalWallet\\W-Digital\\src\\pages\\expense\\expense.tsx","statementMap":{"0":{"start":{"line":8,"column":21},"end":{"line":8,"column":34}},"1":{"start":{"line":10,"column":4},"end":{"line":20,"column":6}},"2":{"start":{"line":16,"column":21},"end":{"line":16,"column":38}}},"fnMap":{"0":{"name":"Expense","decl":{"start":{"line":6,"column":16},"end":{"line":6,"column":23}},"loc":{"start":{"line":6,"column":26},"end":{"line":21,"column":1}},"line":6},"1":{"name":"(anonymous_1)","decl":{"start":{"line":16,"column":15},"end":{"line":16,"column":16}},"loc":{"start":{"line":16,"column":21},"end":{"line":16,"column":38}},"line":16}},"branchMap":{},"s":{"0":0,"1":0,"2":0},"f":{"0":0,"1":0},"b":{}}
,"C:\\Users\\maria\\OneDrive\\Documentos\\programming\\DigitalWallet\\W-Digital\\src\\pages\\historico\\index.tsx": {"path":"C:\\Users\\maria\\OneDrive\\Documentos\\programming\\DigitalWallet\\W-Digital\\src\\pages\\historico\\index.tsx","statementMap":{"0":{"start":{"line":8,"column":18},"end":{"line":36,"column":1}},"1":{"start":{"line":9,"column":2},"end":{"line":35,"column":4}},"2":{"start":{"line":40,"column":2},"end":{"line":40,"column":47}}},"fnMap":{"0":{"name":"(anonymous_0)","decl":{"start":{"line":8,"column":18},"end":{"line":8,"column":19}},"loc":{"start":{"line":8,"column":24},"end":{"line":36,"column":1}},"line":8},"1":{"name":"handleFunction","decl":{"start":{"line":39,"column":9},"end":{"line":39,"column":23}},"loc":{"start":{"line":39,"column":32},"end":{"line":41,"column":1}},"line":39}},"branchMap":{},"s":{"0":0,"1":0,"2":0},"f":{"0":0,"1":0},"b":{}}
,"C:\\Users\\maria\\OneDrive\\Documentos\\programming\\DigitalWallet\\W-Digital\\src\\pages\\home\\index.tsx": {"path":"C:\\Users\\maria\\OneDrive\\Documentos\\programming\\DigitalWallet\\W-Digital\\src\\pages\\home\\index.tsx","statementMap":{"0":{"start":{"line":14,"column":13},"end":{"line":89,"column":1}},"1":{"start":{"line":15,"column":25},"end":{"line":15,"column":33}},"2":{"start":{"line":16,"column":19},"end":{"line":16,"column":32}},"3":{"start":{"line":18,"column":2},"end":{"line":88,"column":4}},"4":{"start":{"line":53,"column":33},"end":{"line":53,"column":49}},"5":{"start":{"line":70,"column":27},"end":{"line":70,"column":49}},"6":{"start":{"line":79,"column":27},"end":{"line":79,"column":51}}},"fnMap":{"0":{"name":"(anonymous_0)","decl":{"start":{"line":14,"column":13},"end":{"line":14,"column":14}},"loc":{"start":{"line":14,"column":19},"end":{"line":89,"column":1}},"line":14},"1":{"name":"(anonymous_1)","decl":{"start":{"line":15,"column":25},"end":{"line":15,"column":26}},"loc":{"start":{"line":15,"column":31},"end":{"line":15,"column":33}},"line":15},"2":{"name":"(anonymous_2)","decl":{"start":{"line":53,"column":27},"end":{"line":53,"column":28}},"loc":{"start":{"line":53,"column":33},"end":{"line":53,"column":49}},"line":53},"3":{"name":"(anonymous_3)","decl":{"start":{"line":70,"column":21},"end":{"line":70,"column":22}},"loc":{"start":{"line":70,"column":27},"end":{"line":70,"column":49}},"line":70},"4":{"name":"(anonymous_4)","decl":{"start":{"line":79,"column":21},"end":{"line":79,"column":22}},"loc":{"start":{"line":79,"column":27},"end":{"line":79,"column":51}},"line":79}},"branchMap":{},"s":{"0":0,"1":0,"2":0,"3":0,"4":0,"5":0,"6":0},"f":{"0":0,"1":0,"2":0,"3":0,"4":0},"b":{}}
,"C:\\Users\\maria\\OneDrive\\Documentos\\programming\\DigitalWallet\\W-Digital\\src\\pages\\login\\index.tsx": {"path":"C:\\Users\\maria\\OneDrive\\Documentos\\programming\\DigitalWallet\\W-Digital\\src\\pages\\login\\index.tsx","statementMap":{"0":{"start":{"line":9,"column":14},"end":{"line":111,"column":1}},"1":{"start":{"line":13,"column":28},"end":{"line":13,"column":40}},"2":{"start":{"line":14,"column":34},"end":{"line":14,"column":46}},"3":{"start":{"line":15,"column":19},"end":{"line":15,"column":32}},"4":{"start":{"line":16,"column":40},"end":{"line":16,"column":56}},"5":{"start":{"line":17,"column":40},"end":{"line":17,"column":56}},"6":{"start":{"line":21,"column":6},"end":{"line":21,"column":144}},"7":{"start":{"line":22,"column":4},"end":{"line":22,"column":46}},"8":{"start":{"line":25,"column":17},"end":{"line":25,"column":70}},"9":{"start":{"line":26,"column":4},"end":{"line":26,"column":49}},"10":{"start":{"line":30,"column":16},"end":{"line":30,"column":20}},"11":{"start":{"line":31,"column":4},"end":{"line":31,"column":20}},"12":{"start":{"line":33,"column":4},"end":{"line":36,"column":5}},"13":{"start":{"line":34,"column":6},"end":{"line":34,"column":20}},"14":{"start":{"line":35,"column":6},"end":{"line":35,"column":30}},"15":{"start":{"line":37,"column":4},"end":{"line":40,"column":5}},"16":{"start":{"line":38,"column":6},"end":{"line":38,"column":20}},"17":{"start":{"line":39,"column":6},"end":{"line":39,"column":30}},"18":{"start":{"line":42,"column":4},"end":{"line":42,"column":23}},"19":{"start":{"line":44,"column":4},"end":{"line":44,"column":17}},"20":{"start":{"line":48,"column":4},"end":{"line":50,"column":5}},"21":{"start":{"line":49,"column":6},"end":{"line":49,"column":24}},"22":{"start":{"line":53,"column":2},"end":{"line":110,"column":4}},"23":{"start":{"line":68,"column":37},"end":{"line":68,"column":61}},"24":{"start":{"line":72,"column":53},"end":{"line":72,"column":77}},"25":{"start":{"line":83,"column":37},"end":{"line":83,"column":64}},"26":{"start":{"line":87,"column":53},"end":{"line":87,"column":80}}},"fnMap":{"0":{"name":"(anonymous_0)","decl":{"start":{"line":9,"column":14},"end":{"line":9,"column":15}},"loc":{"start":{"line":9,"column":20},"end":{"line":111,"column":1}},"line":9},"1":{"name":"handleCadastro","decl":{"start":{"line":11,"column":11},"end":{"line":11,"column":25}},"loc":{"start":{"line":11,"column":27},"end":{"line":12,"column":3}},"line":11},"2":{"name":"validateEmail","decl":{"start":{"line":19,"column":11},"end":{"line":19,"column":24}},"loc":{"start":{"line":19,"column":40},"end":{"line":23,"column":3}},"line":19},"3":{"name":"validatePassword","decl":{"start":{"line":24,"column":11},"end":{"line":24,"column":27}},"loc":{"start":{"line":24,"column":46},"end":{"line":27,"column":3}},"line":24},"4":{"name":"validadeFilds","decl":{"start":{"line":29,"column":11},"end":{"line":29,"column":24}},"loc":{"start":{"line":29,"column":58},"end":{"line":45,"column":3}},"line":29},"5":{"name":"useLogin","decl":{"start":{"line":47,"column":11},"end":{"line":47,"column":19}},"loc":{"start":{"line":47,"column":22},"end":{"line":51,"column":3}},"line":47},"6":{"name":"(anonymous_6)","decl":{"start":{"line":68,"column":30},"end":{"line":68,"column":31}},"loc":{"start":{"line":68,"column":37},"end":{"line":68,"column":61}},"line":68},"7":{"name":"(anonymous_7)","decl":{"start":{"line":72,"column":46},"end":{"line":72,"column":47}},"loc":{"start":{"line":72,"column":53},"end":{"line":72,"column":77}},"line":72},"8":{"name":"(anonymous_8)","decl":{"start":{"line":83,"column":30},"end":{"line":83,"column":31}},"loc":{"start":{"line":83,"column":37},"end":{"line":83,"column":64}},"line":83},"9":{"name":"(anonymous_9)","decl":{"start":{"line":87,"column":46},"end":{"line":87,"column":47}},"loc":{"start":{"line":87,"column":53},"end":{"line":87,"column":80}},"line":87}},"branchMap":{"0":{"loc":{"start":{"line":33,"column":4},"end":{"line":36,"column":5}},"type":"if","locations":[{"start":{"line":33,"column":4},"end":{"line":36,"column":5}},{"start":{},"end":{}}],"line":33},"1":{"loc":{"start":{"line":37,"column":4},"end":{"line":40,"column":5}},"type":"if","locations":[{"start":{"line":37,"column":4},"end":{"line":40,"column":5}},{"start":{},"end":{}}],"line":37},"2":{"loc":{"start":{"line":48,"column":4},"end":{"line":50,"column":5}},"type":"if","locations":[{"start":{"line":48,"column":4},"end":{"line":50,"column":5}},{"start":{},"end":{}}],"line":48},"3":{"loc":{"start":{"line":64,"column":13},"end":{"line":76,"column":22}},"type":"cond-expr","locations":[{"start":{"line":64,"column":38},"end":{"line":69,"column":22}},{"start":{"line":69,"column":25},"end":{"line":76,"column":22}}],"line":64},"4":{"loc":{"start":{"line":80,"column":13},"end":{"line":90,"column":22}},"type":"cond-expr","locations":[{"start":{"line":80,"column":38},"end":{"line":84,"column":22}},{"start":{"line":84,"column":25},"end":{"line":90,"column":22}}],"line":80}},"s":{"0":1,"1":0,"2":0,"3":0,"4":0,"5":0,"6":0,"7":0,"8":0,"9":0,"10":0,"11":0,"12":0,"13":0,"14":0,"15":0,"16":0,"17":0,"18":0,"19":0,"20":0,"21":0,"22":0,"23":0,"24":0,"25":0,"26":0},"f":{"0":0,"1":0,"2":0,"3":0,"4":0,"5":0,"6":0,"7":0,"8":0,"9":0},"b":{"0":[0,0],"1":[0,0],"2":[0,0],"3":[0,0],"4":[0,0]},"_coverageSchema":"1a1c01bbd47fc00a2c39e90264f33305004495a9","hash":"cda8bca5e24abd0f0ac1677fd7d7460b055f24c0"}
,"C:\\Users\\maria\\OneDrive\\Documentos\\programming\\DigitalWallet\\W-Digital\\src\\pages\\login\\login.types.ts": {"path":"C:\\Users\\maria\\OneDrive\\Documentos\\programming\\DigitalWallet\\W-Digital\\src\\pages\\login\\login.types.ts","statementMap":{},"fnMap":{},"branchMap":{},"s":{},"f":{},"b":{}}
,"C:\\Users\\maria\\OneDrive\\Documentos\\programming\\DigitalWallet\\W-Digital\\src\\pages\\register\\index.tsx": {"path":"C:\\Users\\maria\\OneDrive\\Documentos\\programming\\DigitalWallet\\W-Digital\\src\\pages\\register\\index.tsx","statementMap":{"0":{"start":{"line":21,"column":17},"end":{"line":163,"column":1}},"1":{"start":{"line":22,"column":23},"end":{"line":22,"column":43}},"2":{"start":{"line":23,"column":19},"end":{"line":23,"column":32}},"3":{"start":{"line":24,"column":21},"end":{"line":24,"column":61}},"4":{"start":{"line":24,"column":55},"end":{"line":24,"column":60}},"5":{"start":{"line":26,"column":2},"end":{"line":28,"column":44}},"6":{"start":{"line":27,"column":4},"end":{"line":27,"column":17}},"7":{"start":{"line":30,"column":21},"end":{"line":38,"column":3}},"8":{"start":{"line":31,"column":4},"end":{"line":37,"column":5}},"9":{"start":{"line":32,"column":18},"end":{"line":32,"column":76}},"10":{"start":{"line":33,"column":19},"end":{"line":33,"column":35}},"11":{"start":{"line":34,"column":6},"end":{"line":34,"column":58}},"12":{"start":{"line":36,"column":6},"end":{"line":36,"column":25}},"13":{"start":{"line":41,"column":44},"end":{"line":41,"column":77}},"14":{"start":{"line":42,"column":26},"end":{"line":42,"column":27}},"15":{"start":{"line":43,"column":4},"end":{"line":50,"column":7}},"16":{"start":{"line":44,"column":24},"end":{"line":44,"column":65}},"17":{"start":{"line":46,"column":6},"end":{"line":48,"column":7}},"18":{"start":{"line":47,"column":8},"end":{"line":47,"column":71}},"19":{"start":{"line":49,"column":6},"end":{"line":49,"column":37}},"20":{"start":{"line":51,"column":4},"end":{"line":51,"column":58}},"21":{"start":{"line":55,"column":32},"end":{"line":55,"column":47}},"22":{"start":{"line":56,"column":4},"end":{"line":56,"column":19}},"23":{"start":{"line":59,"column":4},"end":{"line":59,"column":72}},"24":{"start":{"line":62,"column":4},"end":{"line":62,"column":25}},"25":{"start":{"line":66,"column":4},"end":{"line":66,"column":44}},"26":{"start":{"line":70,"column":4},"end":{"line":77,"column":6}},"27":{"start":{"line":81,"column":4},"end":{"line":81,"column":28}},"28":{"start":{"line":82,"column":4},"end":{"line":82,"column":33}},"29":{"start":{"line":83,"column":4},"end":{"line":83,"column":29}},"30":{"start":{"line":84,"column":4},"end":{"line":84,"column":27}},"31":{"start":{"line":85,"column":4},"end":{"line":85,"column":43}},"32":{"start":{"line":86,"column":4},"end":{"line":86,"column":41}},"33":{"start":{"line":89,"column":2},"end":{"line":162,"column":4}},"34":{"start":{"line":105,"column":31},"end":{"line":105,"column":67}},"35":{"start":{"line":113,"column":33},"end":{"line":113,"column":73}},"36":{"start":{"line":121,"column":29},"end":{"line":121,"column":65}},"37":{"start":{"line":132,"column":31},"end":{"line":132,"column":79}},"38":{"start":{"line":145,"column":31},"end":{"line":145,"column":65}}},"fnMap":{"0":{"name":"(anonymous_0)","decl":{"start":{"line":21,"column":17},"end":{"line":21,"column":18}},"loc":{"start":{"line":21,"column":23},"end":{"line":163,"column":1}},"line":21},"1":{"name":"(anonymous_1)","decl":{"start":{"line":24,"column":33},"end":{"line":24,"column":34}},"loc":{"start":{"line":24,"column":55},"end":{"line":24,"column":60}},"line":24},"2":{"name":"(anonymous_2)","decl":{"start":{"line":26,"column":18},"end":{"line":26,"column":19}},"loc":{"start":{"line":26,"column":24},"end":{"line":28,"column":3}},"line":26},"3":{"name":"(anonymous_3)","decl":{"start":{"line":30,"column":21},"end":{"line":30,"column":22}},"loc":{"start":{"line":30,"column":33},"end":{"line":38,"column":3}},"line":30},"4":{"name":"calculoDoValorTotal","decl":{"start":{"line":40,"column":11},"end":{"line":40,"column":30}},"loc":{"start":{"line":40,"column":33},"end":{"line":52,"column":3}},"line":40},"5":{"name":"(anonymous_5)","decl":{"start":{"line":43,"column":29},"end":{"line":43,"column":30}},"loc":{"start":{"line":43,"column":47},"end":{"line":50,"column":5}},"line":43},"6":{"name":"cadastrarDespesa","decl":{"start":{"line":54,"column":11},"end":{"line":54,"column":27}},"loc":{"start":{"line":54,"column":30},"end":{"line":63,"column":3}},"line":54},"7":{"name":"atualizaValorDolar","decl":{"start":{"line":65,"column":11},"end":{"line":65,"column":29}},"loc":{"start":{"line":65,"column":32},"end":{"line":67,"column":3}},"line":65},"8":{"name":"createExpense","decl":{"start":{"line":69,"column":11},"end":{"line":69,"column":24}},"loc":{"start":{"line":69,"column":36},"end":{"line":78,"column":3}},"line":69},"9":{"name":"clearExpense","decl":{"start":{"line":80,"column":11},"end":{"line":80,"column":23}},"loc":{"start":{"line":80,"column":26},"end":{"line":87,"column":3}},"line":80},"10":{"name":"(anonymous_10)","decl":{"start":{"line":105,"column":24},"end":{"line":105,"column":25}},"loc":{"start":{"line":105,"column":31},"end":{"line":105,"column":67}},"line":105},"11":{"name":"(anonymous_11)","decl":{"start":{"line":113,"column":26},"end":{"line":113,"column":27}},"loc":{"start":{"line":113,"column":33},"end":{"line":113,"column":73}},"line":113},"12":{"name":"(anonymous_12)","decl":{"start":{"line":121,"column":22},"end":{"line":121,"column":23}},"loc":{"start":{"line":121,"column":29},"end":{"line":121,"column":65}},"line":121},"13":{"name":"(anonymous_13)","decl":{"start":{"line":132,"column":24},"end":{"line":132,"column":25}},"loc":{"start":{"line":132,"column":31},"end":{"line":132,"column":79}},"line":132},"14":{"name":"(anonymous_14)","decl":{"start":{"line":145,"column":24},"end":{"line":145,"column":25}},"loc":{"start":{"line":145,"column":31},"end":{"line":145,"column":65}},"line":145}},"branchMap":{"0":{"loc":{"start":{"line":46,"column":6},"end":{"line":48,"column":7}},"type":"if","locations":[{"start":{"line":46,"column":6},"end":{"line":48,"column":7}},{"start":{},"end":{}}],"line":46}},"s":{"0":1,"1":0,"2":0,"3":0,"4":0,"5":0,"6":0,"7":0,"8":0,"9":0,"10":0,"11":0,"12":0,"13":0,"14":0,"15":0,"16":0,"17":0,"18":0,"19":0,"20":0,"21":0,"22":0,"23":0,"24":0,"25":0,"26":0,"27":0,"28":0,"29":0,"30":0,"31":0,"32":0,"33":0,"34":0,"35":0,"36":0,"37":0,"38":0},"f":{"0":0,"1":0,"2":0,"3":0,"4":0,"5":0,"6":0,"7":0,"8":0,"9":0,"10":0,"11":0,"12":0,"13":0,"14":0},"b":{"0":[0,0]},"_coverageSchema":"1a1c01bbd47fc00a2c39e90264f33305004495a9","hash":"5014352110c0a2d091b2e61b6ade4fa13ff60718"}
,"C:\\Users\\maria\\OneDrive\\Documentos\\programming\\DigitalWallet\\W-Digital\\src\\pages\\selectedExpense\\index.tsx": {"path":"C:\\Users\\maria\\OneDrive\\Documentos\\programming\\DigitalWallet\\W-Digital\\src\\pages\\selectedExpense\\index.tsx","statementMap":{"0":{"start":{"line":16,"column":24},"end":{"line":61,"column":1}},"1":{"start":{"line":17,"column":2},"end":{"line":60,"column":4}}},"fnMap":{"0":{"name":"(anonymous_0)","decl":{"start":{"line":16,"column":24},"end":{"line":16,"column":25}},"loc":{"start":{"line":16,"column":30},"end":{"line":61,"column":1}},"line":16}},"branchMap":{},"s":{"0":0,"1":0},"f":{"0":0},"b":{}}
,"C:\\Users\\maria\\OneDrive\\Documentos\\programming\\DigitalWallet\\W-Digital\\src\\redux\\geralSlice.ts": {"path":"C:\\Users\\maria\\OneDrive\\Documentos\\programming\\DigitalWallet\\W-Digital\\src\\redux\\geralSlice.ts","statementMap":{"0":{"start":{"line":23,"column":40},"end":{"line":39,"column":1}},"1":{"start":{"line":41,"column":26},"end":{"line":86,"column":2}},"2":{"start":{"line":46,"column":12},"end":{"line":46,"column":43}},"3":{"start":{"line":50,"column":37},"end":{"line":50,"column":61}},"4":{"start":{"line":51,"column":12},"end":{"line":51,"column":49}},"5":{"start":{"line":54,"column":39},"end":{"line":54,"column":63}},"6":{"start":{"line":55,"column":12},"end":{"line":55,"column":53}},"7":{"start":{"line":58,"column":12},"end":{"line":58,"column":40}},"8":{"start":{"line":61,"column":12},"end":{"line":61,"column":52}},"9":{"start":{"line":64,"column":12},"end":{"line":64,"column":40}},"10":{"start":{"line":67,"column":12},"end":{"line":67,"column":38}},"11":{"start":{"line":70,"column":12},"end":{"line":70,"column":44}},"12":{"start":{"line":73,"column":12},"end":{"line":73,"column":45}},"13":{"start":{"line":76,"column":12},"end":{"line":76,"column":45}},"14":{"start":{"line":79,"column":12},"end":{"line":79,"column":53}},"15":{"start":{"line":82,"column":38},"end":{"line":82,"column":62}},"16":{"start":{"line":83,"column":12},"end":{"line":83,"column":51}},"17":{"start":{"line":88,"column":226},"end":{"line":88,"column":244}},"18":{"start":{"line":90,"column":30},"end":{"line":90,"column":72}},"19":{"start":{"line":90,"column":52},"end":{"line":90,"column":72}},"20":{"start":{"line":91,"column":35},"end":{"line":91,"column":82}},"21":{"start":{"line":91,"column":57},"end":{"line":91,"column":82}},"22":{"start":{"line":92,"column":38},"end":{"line":92,"column":88}},"23":{"start":{"line":92,"column":60},"end":{"line":92,"column":88}},"24":{"start":{"line":93,"column":34},"end":{"line":93,"column":80}},"25":{"start":{"line":93,"column":56},"end":{"line":93,"column":80}},"26":{"start":{"line":94,"column":36},"end":{"line":94,"column":84}},"27":{"start":{"line":94,"column":58},"end":{"line":94,"column":84}},"28":{"start":{"line":95,"column":27},"end":{"line":95,"column":66}},"29":{"start":{"line":95,"column":49},"end":{"line":95,"column":66}},"30":{"start":{"line":96,"column":39},"end":{"line":96,"column":90}},"31":{"start":{"line":96,"column":61},"end":{"line":96,"column":90}},"32":{"start":{"line":97,"column":27},"end":{"line":97,"column":66}},"33":{"start":{"line":97,"column":49},"end":{"line":97,"column":66}},"34":{"start":{"line":98,"column":25},"end":{"line":98,"column":62}},"35":{"start":{"line":98,"column":47},"end":{"line":98,"column":62}},"36":{"start":{"line":99,"column":31},"end":{"line":99,"column":74}},"37":{"start":{"line":99,"column":53},"end":{"line":99,"column":74}},"38":{"start":{"line":100,"column":32},"end":{"line":100,"column":76}},"39":{"start":{"line":100,"column":54},"end":{"line":100,"column":76}},"40":{"start":{"line":101,"column":32},"end":{"line":101,"column":76}},"41":{"start":{"line":101,"column":54},"end":{"line":101,"column":76}},"42":{"start":{"line":102,"column":40},"end":{"line":102,"column":92}},"43":{"start":{"line":102,"column":62},"end":{"line":102,"column":92}},"44":{"start":{"line":103,"column":39},"end":{"line":103,"column":90}},"45":{"start":{"line":103,"column":61},"end":{"line":103,"column":90}},"46":{"start":{"line":104,"column":35},"end":{"line":104,"column":82}},"47":{"start":{"line":104,"column":57},"end":{"line":104,"column":82}}},"fnMap":{"0":{"name":"(anonymous_0)","decl":{"start":{"line":45,"column":23},"end":{"line":45,"column":24}},"loc":{"start":{"line":45,"column":42},"end":{"line":47,"column":9}},"line":45},"1":{"name":"(anonymous_1)","decl":{"start":{"line":49,"column":27},"end":{"line":49,"column":28}},"loc":{"start":{"line":49,"column":46},"end":{"line":52,"column":9}},"line":49},"2":{"name":"(anonymous_2)","decl":{"start":{"line":53,"column":29},"end":{"line":53,"column":30}},"loc":{"start":{"line":53,"column":48},"end":{"line":56,"column":9}},"line":53},"3":{"name":"(anonymous_3)","decl":{"start":{"line":57,"column":20},"end":{"line":57,"column":21}},"loc":{"start":{"line":57,"column":39},"end":{"line":59,"column":9}},"line":57},"4":{"name":"(anonymous_4)","decl":{"start":{"line":60,"column":32},"end":{"line":60,"column":33}},"loc":{"start":{"line":60,"column":51},"end":{"line":62,"column":9}},"line":60},"5":{"name":"(anonymous_5)","decl":{"start":{"line":63,"column":20},"end":{"line":63,"column":21}},"loc":{"start":{"line":63,"column":39},"end":{"line":65,"column":9}},"line":63},"6":{"name":"(anonymous_6)","decl":{"start":{"line":66,"column":18},"end":{"line":66,"column":19}},"loc":{"start":{"line":66,"column":37},"end":{"line":68,"column":9}},"line":66},"7":{"name":"(anonymous_7)","decl":{"start":{"line":69,"column":24},"end":{"line":69,"column":25}},"loc":{"start":{"line":69,"column":43},"end":{"line":71,"column":9}},"line":69},"8":{"name":"(anonymous_8)","decl":{"start":{"line":72,"column":25},"end":{"line":72,"column":26}},"loc":{"start":{"line":72,"column":44},"end":{"line":74,"column":9}},"line":72},"9":{"name":"(anonymous_9)","decl":{"start":{"line":75,"column":25},"end":{"line":75,"column":26}},"loc":{"start":{"line":75,"column":44},"end":{"line":77,"column":9}},"line":75},"10":{"name":"(anonymous_10)","decl":{"start":{"line":78,"column":33},"end":{"line":78,"column":34}},"loc":{"start":{"line":78,"column":52},"end":{"line":80,"column":9}},"line":78},"11":{"name":"(anonymous_11)","decl":{"start":{"line":81,"column":28},"end":{"line":81,"column":29}},"loc":{"start":{"line":81,"column":47},"end":{"line":84,"column":9}},"line":81},"12":{"name":"(anonymous_12)","decl":{"start":{"line":90,"column":30},"end":{"line":90,"column":31}},"loc":{"start":{"line":90,"column":52},"end":{"line":90,"column":72}},"line":90},"13":{"name":"(anonymous_13)","decl":{"start":{"line":91,"column":35},"end":{"line":91,"column":36}},"loc":{"start":{"line":91,"column":57},"end":{"line":91,"column":82}},"line":91},"14":{"name":"(anonymous_14)","decl":{"start":{"line":92,"column":38},"end":{"line":92,"column":39}},"loc":{"start":{"line":92,"column":60},"end":{"line":92,"column":88}},"line":92},"15":{"name":"(anonymous_15)","decl":{"start":{"line":93,"column":34},"end":{"line":93,"column":35}},"loc":{"start":{"line":93,"column":56},"end":{"line":93,"column":80}},"line":93},"16":{"name":"(anonymous_16)","decl":{"start":{"line":94,"column":36},"end":{"line":94,"column":37}},"loc":{"start":{"line":94,"column":58},"end":{"line":94,"column":84}},"line":94},"17":{"name":"(anonymous_17)","decl":{"start":{"line":95,"column":27},"end":{"line":95,"column":28}},"loc":{"start":{"line":95,"column":49},"end":{"line":95,"column":66}},"line":95},"18":{"name":"(anonymous_18)","decl":{"start":{"line":96,"column":39},"end":{"line":96,"column":40}},"loc":{"start":{"line":96,"column":61},"end":{"line":96,"column":90}},"line":96},"19":{"name":"(anonymous_19)","decl":{"start":{"line":97,"column":27},"end":{"line":97,"column":28}},"loc":{"start":{"line":97,"column":49},"end":{"line":97,"column":66}},"line":97},"20":{"name":"(anonymous_20)","decl":{"start":{"line":98,"column":25},"end":{"line":98,"column":26}},"loc":{"start":{"line":98,"column":47},"end":{"line":98,"column":62}},"line":98},"21":{"name":"(anonymous_21)","decl":{"start":{"line":99,"column":31},"end":{"line":99,"column":32}},"loc":{"start":{"line":99,"column":53},"end":{"line":99,"column":74}},"line":99},"22":{"name":"(anonymous_22)","decl":{"start":{"line":100,"column":32},"end":{"line":100,"column":33}},"loc":{"start":{"line":100,"column":54},"end":{"line":100,"column":76}},"line":100},"23":{"name":"(anonymous_23)","decl":{"start":{"line":101,"column":32},"end":{"line":101,"column":33}},"loc":{"start":{"line":101,"column":54},"end":{"line":101,"column":76}},"line":101},"24":{"name":"(anonymous_24)","decl":{"start":{"line":102,"column":40},"end":{"line":102,"column":41}},"loc":{"start":{"line":102,"column":62},"end":{"line":102,"column":92}},"line":102},"25":{"name":"(anonymous_25)","decl":{"start":{"line":103,"column":39},"end":{"line":103,"column":40}},"loc":{"start":{"line":103,"column":61},"end":{"line":103,"column":90}},"line":103},"26":{"name":"(anonymous_26)","decl":{"start":{"line":104,"column":35},"end":{"line":104,"column":36}},"loc":{"start":{"line":104,"column":57},"end":{"line":104,"column":82}},"line":104}},"branchMap":{},"s":{"0":2,"1":2,"2":0,"3":0,"4":0,"5":0,"6":0,"7":0,"8":0,"9":0,"10":0,"11":0,"12":0,"13":0,"14":0,"15":0,"16":0,"17":2,"18":2,"19":0,"20":2,"21":0,"22":2,"23":0,"24":2,"25":0,"26":2,"27":0,"28":2,"29":0,"30":2,"31":0,"32":2,"33":0,"34":2,"35":0,"36":2,"37":0,"38":2,"39":0,"40":2,"41":0,"42":2,"43":0,"44":2,"45":0,"46":2,"47":0},"f":{"0":0,"1":0,"2":0,"3":0,"4":0,"5":0,"6":0,"7":0,"8":0,"9":0,"10":0,"11":0,"12":0,"13":0,"14":0,"15":0,"16":0,"17":0,"18":0,"19":0,"20":0,"21":0,"22":0,"23":0,"24":0,"25":0,"26":0},"b":{},"_coverageSchema":"1a1c01bbd47fc00a2c39e90264f33305004495a9","hash":"01904189512a3f221e496c6f862cc3169545ec13"}
,"C:\\Users\\maria\\OneDrive\\Documentos\\programming\\DigitalWallet\\W-Digital\\src\\redux\\store.ts": {"path":"C:\\Users\\maria\\OneDrive\\Documentos\\programming\\DigitalWallet\\W-Digital\\src\\redux\\store.ts","statementMap":{"0":{"start":{"line":6,"column":21},"end":{"line":10,"column":2}},"1":{"start":{"line":18,"column":49},"end":{"line":18,"column":60}},"2":{"start":{"line":20,"column":63},"end":{"line":20,"column":74}}},"fnMap":{},"branchMap":{},"s":{"0":2,"1":2,"2":2},"f":{},"b":{},"_coverageSchema":"1a1c01bbd47fc00a2c39e90264f33305004495a9","hash":"99e40bde5fb11efa86e95cdb1bf64c48b0081f6a"}
}
