TN:
SF:src\App.tsx
FN:10,App
FNF:1
FNH:0
FNDA:0,App
DA:12,0
LF:1
LH:0
BRF:0
BRH:0
end_of_record
TN:
SF:src\main.tsx
FNF:0
FNH:0
DA:6,0
LF:1
LH:0
BRF:0
BRH:0
end_of_record
TN:
SF:src\componentes\Accordion\Data.ts
FNF:0
FNH:0
DA:1,0
LF:1
LH:0
BRF:0
BRH:0
end_of_record
TN:
SF:src\componentes\Accordion\index.js
FN:57,(anonymous_0)
FN:60,(anonymous_1)
FN:73,(anonymous_2)
FN:76,(anonymous_3)
FNF:4
FNH:0
FNDA:0,(anonymous_0)
FNDA:0,(anonymous_1)
FNDA:0,(anonymous_2)
FNDA:0,(anonymous_3)
DA:7,0
DA:17,0
DA:23,0
DA:41,0
DA:57,0
DA:58,0
DA:60,0
DA:61,0
DA:63,0
DA:66,0
DA:69,0
DA:74,0
DA:76,0
LF:13
LH:0
BRDA:61,0,0,0
BRDA:61,0,1,0
BRDA:78,1,0,0
BRDA:78,1,1,0
BRDA:80,2,0,0
BRDA:80,2,1,0
BRF:6
BRH:0
end_of_record
TN:
SF:src\componentes\Accordion2\index.tsx
FN:14,(anonymous_0)
FNF:1
FNH:0
FNDA:0,(anonymous_0)
DA:14,0
DA:15,0
LF:2
LH:0
BRF:0
BRH:0
end_of_record
TN:
SF:src\componentes\Accordion2\styles.ts
FNF:0
FNH:0
DA:5,0
DA:14,0
DA:20,0
LF:3
LH:0
BRF:0
BRH:0
end_of_record
TN:
SF:src\componentes\BasicTable\index.tsx
FN:14,createData
FN:34,BasicTable
FN:36,(anonymous_2)
FNF:3
FNH:0
FNDA:0,createData
FNDA:0,BasicTable
FNDA:0,(anonymous_2)
DA:21,0
DA:25,0
DA:36,0
DA:38,0
LF:4
LH:0
BRF:0
BRH:0
end_of_record
TN:
SF:src\componentes\button\index.tsx
FN:22,(anonymous_0)
FNF:1
FNH:0
FNDA:0,(anonymous_0)
DA:22,1
DA:38,0
LF:2
LH:1
BRDA:25,0,0,0
BRDA:33,1,0,0
BRF:2
BRH:0
end_of_record
TN:
SF:src\componentes\button\styles..ts
FN:19,(anonymous_0)
FN:34,(anonymous_1)
FN:52,(anonymous_2)
FN:62,(anonymous_3)
FNF:4
FNH:0
FNDA:0,(anonymous_0)
FNDA:0,(anonymous_1)
FNDA:0,(anonymous_2)
FNDA:0,(anonymous_3)
DA:17,1
DA:28,0
DA:35,0
DA:36,0
DA:53,0
DA:54,0
DA:63,0
LF:7
LH:1
BRDA:35,0,0,0
BRDA:35,0,1,0
BRDA:37,1,0,0
BRDA:37,1,1,0
BRDA:47,2,0,0
BRDA:47,2,1,0
BRDA:48,3,0,0
BRDA:48,3,1,0
BRDA:49,4,0,0
BRDA:49,4,1,0
BRDA:51,5,0,0
BRDA:51,5,1,0
BRDA:53,6,0,0
BRDA:53,6,1,0
BRDA:63,7,0,0
BRDA:63,7,1,0
BRF:16
BRH:0
end_of_record
TN:
SF:src\componentes\footer\index.tsx
FN:5,(anonymous_0)
FNF:1
FNH:0
FNDA:0,(anonymous_0)
DA:5,2
DA:6,0
LF:2
LH:1
BRF:0
BRH:0
end_of_record
TN:
SF:src\componentes\footer\styles.ts
FNF:0
FNH:0
DA:3,2
LF:1
LH:1
BRF:0
BRH:0
end_of_record
TN:
SF:src\componentes\header\index.tsx
FN:10,(anonymous_0)
FNF:1
FNH:0
FNDA:0,(anonymous_0)
DA:10,2
DA:11,0
LF:2
LH:1
BRDA:16,0,0,0
BRDA:16,0,1,0
BRF:2
BRH:0
end_of_record
TN:
SF:src\componentes\header\styles.ts
FNF:0
FNH:0
DA:3,2
DA:11,2
DA:15,2
LF:3
LH:3
BRF:0
BRH:0
end_of_record
TN:
SF:src\componentes\textBox\index.tsx
FN:10,(anonymous_0)
FNF:1
FNH:0
FNDA:0,(anonymous_0)
DA:10,0
DA:11,0
LF:2
LH:0
BRF:0
BRH:0
end_of_record
TN:
SF:src\componentes\textBox\styles.ts
FNF:0
FNH:0
DA:7,0
DA:17,0
DA:23,0
LF:3
LH:0
BRF:0
BRH:0
end_of_record
TN:
SF:src\componentes\textfield\index.tsx
FN:37,(anonymous_0)
FN:76,(anonymous_1)
FNF:2
FNH:0
FNDA:0,(anonymous_0)
FNDA:0,(anonymous_1)
DA:37,2
DA:54,0
DA:56,0
DA:76,0
LF:4
LH:1
BRDA:50,0,0,0
BRDA:62,1,0,0
BRDA:62,1,1,0
BRDA:73,2,0,0
BRDA:73,2,1,0
BRDA:81,3,0,0
BRDA:81,3,1,0
BRDA:93,4,0,0
BRDA:93,4,1,0
BRF:9
BRH:0
end_of_record
TN:
SF:src\componentes\textfield\styles.ts
FNF:0
FNH:0
DA:5,2
DA:15,2
LF:2
LH:2
BRF:0
BRH:0
end_of_record
TN:
SF:src\interface\despesa.ts
FNF:0
FNH:0
LF:0
LH:0
BRF:0
BRH:0
end_of_record
TN:
SF:src\pages\cadastro\index.tsx
FN:11,handleForm
FN:13,(anonymous_1)
FN:15,(anonymous_2)
FN:22,(anonymous_3)
FN:43,(anonymous_4)
FN:66,(anonymous_5)
FNF:6
FNH:0
FNDA:0,handleForm
FNDA:0,(anonymous_1)
FNDA:0,(anonymous_2)
FNDA:0,(anonymous_3)
FNDA:0,(anonymous_4)
FNDA:0,(anonymous_5)
DA:13,0
DA:14,0
DA:15,0
DA:17,0
DA:22,0
DA:25,0
DA:27,0
DA:43,0
DA:66,0
LF:9
LH:0
BRF:0
BRH:0
end_of_record
TN:
SF:src\pages\expense\expense.tsx
FN:6,Expense
FN:16,(anonymous_1)
FNF:2
FNH:0
FNDA:0,Expense
FNDA:0,(anonymous_1)
DA:8,0
DA:10,0
DA:16,0
LF:3
LH:0
BRF:0
BRH:0
end_of_record
TN:
SF:src\pages\historico\index.tsx
FN:8,(anonymous_0)
FN:39,handleFunction
FNF:2
FNH:0
FNDA:0,(anonymous_0)
FNDA:0,handleFunction
DA:8,0
DA:9,0
DA:40,0
LF:3
LH:0
BRF:0
BRH:0
end_of_record
TN:
SF:src\pages\home\index.tsx
FN:14,(anonymous_0)
FN:15,(anonymous_1)
FN:53,(anonymous_2)
FN:70,(anonymous_3)
FN:79,(anonymous_4)
FNF:5
FNH:0
FNDA:0,(anonymous_0)
FNDA:0,(anonymous_1)
FNDA:0,(anonymous_2)
FNDA:0,(anonymous_3)
FNDA:0,(anonymous_4)
DA:14,0
DA:15,0
DA:16,0
DA:18,0
DA:53,0
DA:70,0
DA:79,0
LF:7
LH:0
BRF:0
BRH:0
end_of_record
TN:
SF:src\pages\login\index.tsx
FN:9,(anonymous_0)
FN:11,handleCadastro
FN:19,validateEmail
FN:24,validatePassword
FN:29,validadeFilds
FN:47,useLogin
FN:68,(anonymous_6)
FN:72,(anonymous_7)
FN:83,(anonymous_8)
FN:87,(anonymous_9)
FNF:10
FNH:0
FNDA:0,(anonymous_0)
FNDA:0,handleCadastro
FNDA:0,validateEmail
FNDA:0,validatePassword
FNDA:0,validadeFilds
FNDA:0,useLogin
FNDA:0,(anonymous_6)
FNDA:0,(anonymous_7)
FNDA:0,(anonymous_8)
FNDA:0,(anonymous_9)
DA:9,1
DA:13,0
DA:14,0
DA:15,0
DA:16,0
DA:17,0
DA:21,0
DA:22,0
DA:25,0
DA:26,0
DA:30,0
DA:31,0
DA:33,0
DA:34,0
DA:35,0
DA:37,0
DA:38,0
DA:39,0
DA:42,0
DA:44,0
DA:48,0
DA:49,0
DA:53,0
DA:68,0
DA:72,0
DA:83,0
DA:87,0
LF:27
LH:1
BRDA:33,0,0,0
BRDA:33,0,1,0
BRDA:37,1,0,0
BRDA:37,1,1,0
BRDA:48,2,0,0
BRDA:48,2,1,0
BRDA:64,3,0,0
BRDA:64,3,1,0
BRDA:80,4,0,0
BRDA:80,4,1,0
BRF:10
BRH:0
end_of_record
TN:
SF:src\pages\login\login.types.ts
FNF:0
FNH:0
LF:0
LH:0
BRF:0
BRH:0
end_of_record
TN:
SF:src\pages\register\index.tsx
FN:21,(anonymous_0)
FN:24,(anonymous_1)
FN:26,(anonymous_2)
FN:30,(anonymous_3)
FN:40,calculoDoValorTotal
FN:43,(anonymous_5)
FN:54,cadastrarDespesa
FN:65,atualizaValorDolar
FN:69,createExpense
FN:80,clearExpense
FN:105,(anonymous_10)
FN:113,(anonymous_11)
FN:121,(anonymous_12)
FN:132,(anonymous_13)
FN:145,(anonymous_14)
FNF:15
FNH:0
FNDA:0,(anonymous_0)
FNDA:0,(anonymous_1)
FNDA:0,(anonymous_2)
FNDA:0,(anonymous_3)
FNDA:0,calculoDoValorTotal
FNDA:0,(anonymous_5)
FNDA:0,cadastrarDespesa
FNDA:0,atualizaValorDolar
FNDA:0,createExpense
FNDA:0,clearExpense
FNDA:0,(anonymous_10)
FNDA:0,(anonymous_11)
FNDA:0,(anonymous_12)
FNDA:0,(anonymous_13)
FNDA:0,(anonymous_14)
DA:21,1
DA:22,0
DA:23,0
DA:24,0
DA:26,0
DA:27,0
DA:30,0
DA:31,0
DA:32,0
DA:33,0
DA:34,0
DA:36,0
DA:41,0
DA:42,0
DA:43,0
DA:44,0
DA:46,0
DA:47,0
DA:49,0
DA:51,0
DA:55,0
DA:56,0
DA:59,0
DA:62,0
DA:66,0
DA:70,0
DA:81,0
DA:82,0
DA:83,0
DA:84,0
DA:85,0
DA:86,0
DA:89,0
DA:105,0
DA:113,0
DA:121,0
DA:132,0
DA:145,0
LF:38
LH:1
BRDA:46,0,0,0
BRDA:46,0,1,0
BRF:2
BRH:0
end_of_record
TN:
SF:src\pages\selectedExpense\index.tsx
FN:16,(anonymous_0)
FNF:1
FNH:0
FNDA:0,(anonymous_0)
DA:16,0
DA:17,0
LF:2
LH:0
BRF:0
BRH:0
end_of_record
TN:
SF:src\redux\geralSlice.ts
FN:45,(anonymous_0)
FN:49,(anonymous_1)
FN:53,(anonymous_2)
FN:57,(anonymous_3)
FN:60,(anonymous_4)
FN:63,(anonymous_5)
FN:66,(anonymous_6)
FN:69,(anonymous_7)
FN:72,(anonymous_8)
FN:75,(anonymous_9)
FN:78,(anonymous_10)
FN:81,(anonymous_11)
FN:90,(anonymous_12)
FN:91,(anonymous_13)
FN:92,(anonymous_14)
FN:93,(anonymous_15)
FN:94,(anonymous_16)
FN:95,(anonymous_17)
FN:96,(anonymous_18)
FN:97,(anonymous_19)
FN:98,(anonymous_20)
FN:99,(anonymous_21)
FN:100,(anonymous_22)
FN:101,(anonymous_23)
FN:102,(anonymous_24)
FN:103,(anonymous_25)
FN:104,(anonymous_26)
FNF:27
FNH:0
FNDA:0,(anonymous_0)
FNDA:0,(anonymous_1)
FNDA:0,(anonymous_2)
FNDA:0,(anonymous_3)
FNDA:0,(anonymous_4)
FNDA:0,(anonymous_5)
FNDA:0,(anonymous_6)
FNDA:0,(anonymous_7)
FNDA:0,(anonymous_8)
FNDA:0,(anonymous_9)
FNDA:0,(anonymous_10)
FNDA:0,(anonymous_11)
FNDA:0,(anonymous_12)
FNDA:0,(anonymous_13)
FNDA:0,(anonymous_14)
FNDA:0,(anonymous_15)
FNDA:0,(anonymous_16)
FNDA:0,(anonymous_17)
FNDA:0,(anonymous_18)
FNDA:0,(anonymous_19)
FNDA:0,(anonymous_20)
FNDA:0,(anonymous_21)
FNDA:0,(anonymous_22)
FNDA:0,(anonymous_23)
FNDA:0,(anonymous_24)
FNDA:0,(anonymous_25)
FNDA:0,(anonymous_26)
DA:23,2
DA:41,2
DA:46,0
DA:50,0
DA:51,0
DA:54,0
DA:55,0
DA:58,0
DA:61,0
DA:64,0
DA:67,0
DA:70,0
DA:73,0
DA:76,0
DA:79,0
DA:82,0
DA:83,0
DA:88,2
DA:90,2
DA:91,2
DA:92,2
DA:93,2
DA:94,2
DA:95,2
DA:96,2
DA:97,2
DA:98,2
DA:99,2
DA:100,2
DA:101,2
DA:102,2
DA:103,2
DA:104,2
LF:33
LH:18
BRF:0
BRH:0
end_of_record
TN:
SF:src\redux\store.ts
FNF:0
FNH:0
DA:6,2
DA:18,2
DA:20,2
LF:3
LH:3
BRF:0
BRH:0
end_of_record
